{"E:\\OtusProj\\React\\src\\App.tsx": {"path":"E:\\OtusProj\\React\\src\\App.tsx","statementMap":{"0":{"start":{"line":8,"column":19},"end":{"line":30,"column":1}},"1":{"start":{"line":9,"column":30},"end":{"line":9,"column":67}},"2":{"start":{"line":11,"column":4},"end":{"line":24,"column":6}},"3":{"start":{"line":14,"column":34},"end":{"line":14,"column":96}},"4":{"start":{"line":15,"column":8},"end":{"line":17,"column":9}},"5":{"start":{"line":16,"column":12},"end":{"line":16,"column":77}},"6":{"start":{"line":18,"column":8},"end":{"line":20,"column":9}},"7":{"start":{"line":19,"column":12},"end":{"line":19,"column":66}},"8":{"start":{"line":21,"column":8},"end":{"line":23,"column":9}},"9":{"start":{"line":22,"column":12},"end":{"line":22,"column":61}},"10":{"start":{"line":25,"column":4},"end":{"line":29,"column":5}}},"fnMap":{"0":{"name":"(anonymous_0)","decl":{"start":{"line":8,"column":19},"end":{"line":8,"column":20}},"loc":{"start":{"line":8,"column":25},"end":{"line":30,"column":1}},"line":8},"1":{"name":"(anonymous_1)","decl":{"start":{"line":11,"column":14},"end":{"line":11,"column":15}},"loc":{"start":{"line":11,"column":20},"end":{"line":24,"column":5}},"line":11}},"branchMap":{"0":{"loc":{"start":{"line":15,"column":8},"end":{"line":17,"column":9}},"type":"if","locations":[{"start":{"line":15,"column":8},"end":{"line":17,"column":9}},{"start":{},"end":{}}],"line":15},"1":{"loc":{"start":{"line":18,"column":8},"end":{"line":20,"column":9}},"type":"if","locations":[{"start":{"line":18,"column":8},"end":{"line":20,"column":9}},{"start":{},"end":{}}],"line":18},"2":{"loc":{"start":{"line":21,"column":8},"end":{"line":23,"column":9}},"type":"if","locations":[{"start":{"line":21,"column":8},"end":{"line":23,"column":9}},{"start":{},"end":{}}],"line":21},"3":{"loc":{"start":{"line":21,"column":12},"end":{"line":21,"column":70}},"type":"binary-expr","locations":[{"start":{"line":21,"column":12},"end":{"line":21,"column":38}},{"start":{"line":21,"column":42},"end":{"line":21,"column":70}}],"line":21}},"s":{"0":1,"1":11,"2":11,"3":11,"4":11,"5":1,"6":11,"7":1,"8":11,"9":5,"10":11},"f":{"0":11,"1":11},"b":{"0":[1,10],"1":[1,10],"2":[5,6],"3":[11,5]},"_coverageSchema":"1a1c01bbd47fc00a2c39e90264f33305004495a9","hash":"ba6d11f01a2fceb09554d952d6d0b85ba899f219"}
,"E:\\OtusProj\\React\\src\\components\\ConditionRender\\ConditionRender.tsx": {"path":"E:\\OtusProj\\React\\src\\components\\ConditionRender\\ConditionRender.tsx","statementMap":{"0":{"start":{"line":13,"column":31},"end":{"line":34,"column":1}},"1":{"start":{"line":14,"column":2},"end":{"line":33,"column":3}},"2":{"start":{"line":16,"column":27},"end":{"line":16,"column":35}},"3":{"start":{"line":17,"column":6},"end":{"line":19,"column":7}},"4":{"start":{"line":18,"column":8},"end":{"line":18,"column":32}},"5":{"start":{"line":20,"column":6},"end":{"line":20,"column":67}},"6":{"start":{"line":22,"column":6},"end":{"line":22,"column":41}},"7":{"start":{"line":24,"column":6},"end":{"line":24,"column":23}},"8":{"start":{"line":26,"column":6},"end":{"line":26,"column":20}},"9":{"start":{"line":28,"column":6},"end":{"line":28,"column":44}},"10":{"start":{"line":30,"column":6},"end":{"line":30,"column":28}},"11":{"start":{"line":32,"column":6},"end":{"line":32,"column":28}}},"fnMap":{"0":{"name":"(anonymous_0)","decl":{"start":{"line":13,"column":31},"end":{"line":13,"column":32}},"loc":{"start":{"line":13,"column":51},"end":{"line":34,"column":1}},"line":13}},"branchMap":{"0":{"loc":{"start":{"line":14,"column":2},"end":{"line":33,"column":3}},"type":"switch","locations":[{"start":{"line":15,"column":4},"end":{"line":20,"column":67}},{"start":{"line":21,"column":4},"end":{"line":22,"column":41}},{"start":{"line":23,"column":4},"end":{"line":24,"column":23}},{"start":{"line":25,"column":4},"end":{"line":26,"column":20}},{"start":{"line":27,"column":4},"end":{"line":28,"column":44}},{"start":{"line":29,"column":4},"end":{"line":30,"column":28}},{"start":{"line":31,"column":4},"end":{"line":32,"column":28}}],"line":14},"1":{"loc":{"start":{"line":17,"column":6},"end":{"line":19,"column":7}},"type":"if","locations":[{"start":{"line":17,"column":6},"end":{"line":19,"column":7}},{"start":{},"end":{}}],"line":17},"2":{"loc":{"start":{"line":17,"column":10},"end":{"line":17,"column":53}},"type":"binary-expr","locations":[{"start":{"line":17,"column":10},"end":{"line":17,"column":29}},{"start":{"line":17,"column":33},"end":{"line":17,"column":53}}],"line":17}},"s":{"0":1,"1":11,"2":1,"3":1,"4":0,"5":1,"6":1,"7":1,"8":1,"9":1,"10":0,"11":6},"f":{"0":11},"b":{"0":[1,1,1,1,1,0,6],"1":[0,1],"2":[1,0]},"_coverageSchema":"1a1c01bbd47fc00a2c39e90264f33305004495a9","hash":"678eba89f68a0ccb43331effee0c0df502c4cdc8"}
,"E:\\OtusProj\\React\\src\\components\\ConditionRender\\index.tsx": {"path":"E:\\OtusProj\\React\\src\\components\\ConditionRender\\index.tsx","statementMap":{},"fnMap":{},"branchMap":{},"s":{},"f":{},"b":{},"_coverageSchema":"1a1c01bbd47fc00a2c39e90264f33305004495a9","hash":"245109c2c6a15a3b0a29e5641ea22bd97ce30ea4"}
,"E:\\OtusProj\\React\\src\\components\\DefultPage\\DefultPage.tsx": {"path":"E:\\OtusProj\\React\\src\\components\\DefultPage\\DefultPage.tsx","statementMap":{"0":{"start":{"line":9,"column":2},"end":{"line":9,"column":230}},"1":{"start":{"line":11,"column":26},"end":{"line":23,"column":1}},"2":{"start":{"line":12,"column":2},"end":{"line":22,"column":4}}},"fnMap":{"0":{"name":"(anonymous_0)","decl":{"start":{"line":11,"column":26},"end":{"line":11,"column":27}},"loc":{"start":{"line":11,"column":32},"end":{"line":23,"column":1}},"line":11}},"branchMap":{},"s":{"0":2,"1":2,"2":9},"f":{"0":9},"b":{},"_coverageSchema":"1a1c01bbd47fc00a2c39e90264f33305004495a9","hash":"35ff6b82489dc6c8bc8c89cf46e1e54c882dac44"}
,"E:\\OtusProj\\React\\src\\components\\DefultPage\\index.tsx": {"path":"E:\\OtusProj\\React\\src\\components\\DefultPage\\index.tsx","statementMap":{},"fnMap":{},"branchMap":{},"s":{},"f":{},"b":{},"_coverageSchema":"1a1c01bbd47fc00a2c39e90264f33305004495a9","hash":"40475d692da87e0fd9b782a0f707fcc7d8115055"}
,"E:\\OtusProj\\React\\src\\components\\hr\\hr.tsx": {"path":"E:\\OtusProj\\React\\src\\components\\hr\\hr.tsx","statementMap":{"0":{"start":{"line":3,"column":18},"end":{"line":7,"column":1}},"1":{"start":{"line":4,"column":4},"end":{"line":6,"column":5}}},"fnMap":{"0":{"name":"(anonymous_0)","decl":{"start":{"line":3,"column":18},"end":{"line":3,"column":19}},"loc":{"start":{"line":3,"column":24},"end":{"line":7,"column":1}},"line":3}},"branchMap":{},"s":{"0":3,"1":29},"f":{"0":29},"b":{},"_coverageSchema":"1a1c01bbd47fc00a2c39e90264f33305004495a9","hash":"e438fad7d224584f843b2fecb0c82c5aead6b019"}
,"E:\\OtusProj\\React\\src\\components\\hr\\index.tsx": {"path":"E:\\OtusProj\\React\\src\\components\\hr\\index.tsx","statementMap":{},"fnMap":{},"branchMap":{},"s":{},"f":{},"b":{},"_coverageSchema":"1a1c01bbd47fc00a2c39e90264f33305004495a9","hash":"d4235cf4930f6fc822a8285b236b2ede06aaa67e"}
,"E:\\OtusProj\\React\\src\\components\\htags\\HRenderer.tsx": {"path":"E:\\OtusProj\\React\\src\\components\\htags\\HRenderer.tsx","statementMap":{"0":{"start":{"line":11,"column":4},"end":{"line":26,"column":5}},"1":{"start":{"line":13,"column":8},"end":{"line":13,"column":31}},"2":{"start":{"line":15,"column":8},"end":{"line":15,"column":31}},"3":{"start":{"line":17,"column":8},"end":{"line":17,"column":31}},"4":{"start":{"line":19,"column":8},"end":{"line":19,"column":31}},"5":{"start":{"line":21,"column":8},"end":{"line":21,"column":31}},"6":{"start":{"line":23,"column":8},"end":{"line":23,"column":31}},"7":{"start":{"line":25,"column":8},"end":{"line":25,"column":31}},"8":{"start":{"line":28,"column":2},"end":{"line":28,"column":14}}},"fnMap":{"0":{"name":"HRenderer","decl":{"start":{"line":9,"column":16},"end":{"line":9,"column":25}},"loc":{"start":{"line":9,"column":60},"end":{"line":29,"column":1}},"line":9},"1":{"name":"hn","decl":{"start":{"line":10,"column":11},"end":{"line":10,"column":13}},"loc":{"start":{"line":10,"column":16},"end":{"line":27,"column":3}},"line":10}},"branchMap":{"0":{"loc":{"start":{"line":11,"column":4},"end":{"line":26,"column":5}},"type":"switch","locations":[{"start":{"line":12,"column":6},"end":{"line":13,"column":31}},{"start":{"line":14,"column":6},"end":{"line":15,"column":31}},{"start":{"line":16,"column":6},"end":{"line":17,"column":31}},{"start":{"line":18,"column":6},"end":{"line":19,"column":31}},{"start":{"line":20,"column":6},"end":{"line":21,"column":31}},{"start":{"line":22,"column":6},"end":{"line":23,"column":31}},{"start":{"line":24,"column":6},"end":{"line":25,"column":31}}],"line":11}},"s":{"0":21,"1":15,"2":1,"3":2,"4":1,"5":1,"6":1,"7":0,"8":21},"f":{"0":21,"1":21},"b":{"0":[15,1,2,1,1,1,0]},"_coverageSchema":"1a1c01bbd47fc00a2c39e90264f33305004495a9","hash":"5db548d919f9bba5a77f590f33d52e9322baefb9"}
,"E:\\OtusProj\\React\\src\\components\\htags\\HSelect.tsx": {"path":"E:\\OtusProj\\React\\src\\components\\htags\\HSelect.tsx","statementMap":{"0":{"start":{"line":8,"column":2},"end":{"line":25,"column":4}}},"fnMap":{"0":{"name":"HSelect","decl":{"start":{"line":7,"column":16},"end":{"line":7,"column":23}},"loc":{"start":{"line":7,"column":44},"end":{"line":26,"column":1}},"line":7}},"branchMap":{},"s":{"0":21},"f":{"0":21},"b":{},"_coverageSchema":"1a1c01bbd47fc00a2c39e90264f33305004495a9","hash":"6b81481ec8fe0cc9a5fda72621cc06e5b4531748"}
,"E:\\OtusProj\\React\\src\\components\\htags\\MainHSelector.tsx": {"path":"E:\\OtusProj\\React\\src\\components\\htags\\MainHSelector.tsx","statementMap":{"0":{"start":{"line":10,"column":25},"end":{"line":26,"column":1}},"1":{"start":{"line":11,"column":32},"end":{"line":11,"column":52}},"2":{"start":{"line":12,"column":23},"end":{"line":16,"column":3}},"3":{"start":{"line":15,"column":4},"end":{"line":15,"column":54}},"4":{"start":{"line":17,"column":2},"end":{"line":19,"column":19}},"5":{"start":{"line":18,"column":4},"end":{"line":18,"column":27}},"6":{"start":{"line":20,"column":2},"end":{"line":25,"column":4}}},"fnMap":{"0":{"name":"(anonymous_0)","decl":{"start":{"line":10,"column":25},"end":{"line":10,"column":26}},"loc":{"start":{"line":10,"column":57},"end":{"line":26,"column":1}},"line":10},"1":{"name":"(anonymous_1)","decl":{"start":{"line":12,"column":23},"end":{"line":12,"column":24}},"loc":{"start":{"line":14,"column":7},"end":{"line":16,"column":3}},"line":14},"2":{"name":"(anonymous_2)","decl":{"start":{"line":17,"column":12},"end":{"line":17,"column":13}},"loc":{"start":{"line":17,"column":18},"end":{"line":19,"column":3}},"line":17}},"branchMap":{},"s":{"0":3,"1":21,"2":21,"3":5,"4":21,"5":16,"6":21},"f":{"0":21,"1":5,"2":16},"b":{},"_coverageSchema":"1a1c01bbd47fc00a2c39e90264f33305004495a9","hash":"afd27f3999d3f55a5be66123dfab0dab4b6fa298"}
,"E:\\OtusProj\\React\\src\\components\\htags\\index.tsx": {"path":"E:\\OtusProj\\React\\src\\components\\htags\\index.tsx","statementMap":{},"fnMap":{},"branchMap":{},"s":{},"f":{},"b":{},"_coverageSchema":"1a1c01bbd47fc00a2c39e90264f33305004495a9","hash":"b77b320c742f3bd5ed7fb957b43fd66da0384758"}
,"E:\\OtusProj\\React\\src\\components\\image\\image.tsx": {"path":"E:\\OtusProj\\React\\src\\components\\image\\image.tsx","statementMap":{"0":{"start":{"line":9,"column":21},"end":{"line":28,"column":1}},"1":{"start":{"line":10,"column":34},"end":{"line":10,"column":72}},"2":{"start":{"line":12,"column":22},"end":{"line":19,"column":3}},"3":{"start":{"line":13,"column":4},"end":{"line":17,"column":5}},"4":{"start":{"line":14,"column":6},"end":{"line":14,"column":26}},"5":{"start":{"line":16,"column":6},"end":{"line":16,"column":27}},"6":{"start":{"line":18,"column":4},"end":{"line":18,"column":59}},"7":{"start":{"line":21,"column":2},"end":{"line":27,"column":4}}},"fnMap":{"0":{"name":"(anonymous_0)","decl":{"start":{"line":9,"column":21},"end":{"line":9,"column":22}},"loc":{"start":{"line":9,"column":60},"end":{"line":28,"column":1}},"line":9},"1":{"name":"(anonymous_1)","decl":{"start":{"line":12,"column":22},"end":{"line":12,"column":23}},"loc":{"start":{"line":12,"column":79},"end":{"line":19,"column":3}},"line":12}},"branchMap":{"0":{"loc":{"start":{"line":13,"column":4},"end":{"line":17,"column":5}},"type":"if","locations":[{"start":{"line":13,"column":4},"end":{"line":17,"column":5}},{"start":{"line":15,"column":11},"end":{"line":17,"column":5}}],"line":13}},"s":{"0":3,"1":14,"2":14,"3":2,"4":1,"5":1,"6":2,"7":14},"f":{"0":14,"1":2},"b":{"0":[1,1]},"_coverageSchema":"1a1c01bbd47fc00a2c39e90264f33305004495a9","hash":"1d3b57cffedaf378445c3b84e0afff91b7fdac04"}
,"E:\\OtusProj\\React\\src\\components\\image\\index.tsx": {"path":"E:\\OtusProj\\React\\src\\components\\image\\index.tsx","statementMap":{},"fnMap":{},"branchMap":{},"s":{},"f":{},"b":{},"_coverageSchema":"1a1c01bbd47fc00a2c39e90264f33305004495a9","hash":"99ea95a94a19ab9126626929dae78912f82407a9"}
,"E:\\OtusProj\\React\\src\\components\\paragraph\\index.tsx": {"path":"E:\\OtusProj\\React\\src\\components\\paragraph\\index.tsx","statementMap":{},"fnMap":{},"branchMap":{},"s":{},"f":{},"b":{},"_coverageSchema":"1a1c01bbd47fc00a2c39e90264f33305004495a9","hash":"56eaf6a35aa2fe9956e7be2667fa0ac7d52ac0ce"}
,"E:\\OtusProj\\React\\src\\components\\paragraph\\paragraph.tsx": {"path":"E:\\OtusProj\\React\\src\\components\\paragraph\\paragraph.tsx","statementMap":{"0":{"start":{"line":7,"column":25},"end":{"line":9,"column":1}},"1":{"start":{"line":8,"column":2},"end":{"line":8,"column":24}}},"fnMap":{"0":{"name":"(anonymous_0)","decl":{"start":{"line":7,"column":25},"end":{"line":7,"column":26}},"loc":{"start":{"line":7,"column":50},"end":{"line":9,"column":1}},"line":7}},"branchMap":{},"s":{"0":3,"1":11},"f":{"0":11},"b":{},"_coverageSchema":"1a1c01bbd47fc00a2c39e90264f33305004495a9","hash":"bd15ea3b7a99e3745671c5be109bb3835d1447e8"}
,"E:\\OtusProj\\React\\src\\components\\title\\index.tsx": {"path":"E:\\OtusProj\\React\\src\\components\\title\\index.tsx","statementMap":{},"fnMap":{},"branchMap":{},"s":{},"f":{},"b":{},"_coverageSchema":"1a1c01bbd47fc00a2c39e90264f33305004495a9","hash":"d666f0fb43e76cff073390f3577683dfedff98c9"}
,"E:\\OtusProj\\React\\src\\components\\title\\title.tsx": {"path":"E:\\OtusProj\\React\\src\\components\\title\\title.tsx","statementMap":{"0":{"start":{"line":7,"column":23},"end":{"line":12,"column":1}},"1":{"start":{"line":14,"column":21},"end":{"line":50,"column":1}},"2":{"start":{"line":15,"column":28},"end":{"line":15,"column":43}},"3":{"start":{"line":16,"column":28},"end":{"line":16,"column":43}},"4":{"start":{"line":17,"column":23},"end":{"line":19,"column":3}},"5":{"start":{"line":18,"column":4},"end":{"line":18,"column":21}},"6":{"start":{"line":21,"column":22},"end":{"line":28,"column":3}},"7":{"start":{"line":22,"column":4},"end":{"line":26,"column":5}},"8":{"start":{"line":23,"column":6},"end":{"line":23,"column":81}},"9":{"start":{"line":25,"column":6},"end":{"line":25,"column":68}},"10":{"start":{"line":27,"column":4},"end":{"line":27,"column":21}},"11":{"start":{"line":29,"column":2},"end":{"line":49,"column":4}}},"fnMap":{"0":{"name":"(anonymous_0)","decl":{"start":{"line":14,"column":21},"end":{"line":14,"column":22}},"loc":{"start":{"line":14,"column":27},"end":{"line":50,"column":1}},"line":14},"1":{"name":"(anonymous_1)","decl":{"start":{"line":17,"column":23},"end":{"line":17,"column":24}},"loc":{"start":{"line":17,"column":29},"end":{"line":19,"column":3}},"line":17},"2":{"name":"(anonymous_2)","decl":{"start":{"line":21,"column":22},"end":{"line":21,"column":23}},"loc":{"start":{"line":21,"column":79},"end":{"line":28,"column":3}},"line":21}},"branchMap":{"0":{"loc":{"start":{"line":22,"column":4},"end":{"line":26,"column":5}},"type":"if","locations":[{"start":{"line":22,"column":4},"end":{"line":26,"column":5}},{"start":{"line":24,"column":11},"end":{"line":26,"column":5}}],"line":22},"1":{"loc":{"start":{"line":39,"column":7},"end":{"line":47,"column":7}},"type":"binary-expr","locations":[{"start":{"line":39,"column":7},"end":{"line":39,"column":12}},{"start":{"line":40,"column":8},"end":{"line":46,"column":14}}],"line":39}},"s":{"0":3,"1":3,"2":15,"3":15,"4":15,"5":1,"6":15,"7":1,"8":0,"9":1,"10":1,"11":15},"f":{"0":15,"1":1,"2":1},"b":{"0":[0,1],"1":[15,1]},"_coverageSchema":"1a1c01bbd47fc00a2c39e90264f33305004495a9","hash":"bbd9fd1d04f64bd53082a62676bcdfcb2d6169d1"}
}
