TN:
SF:src\App.tsx
FN:8,(anonymous_0)
FN:11,(anonymous_1)
FNF:2
FNH:2
FNDA:11,(anonymous_0)
FNDA:11,(anonymous_1)
DA:8,1
DA:9,11
DA:11,11
DA:14,11
DA:15,11
DA:16,1
DA:18,11
DA:19,1
DA:21,11
DA:22,5
DA:25,11
LF:11
LH:11
BRDA:15,0,0,1
BRDA:15,0,1,10
BRDA:18,1,0,1
BRDA:18,1,1,10
BRDA:21,2,0,5
BRDA:21,2,1,6
BRDA:21,3,0,11
BRDA:21,3,1,5
BRF:8
BRH:8
end_of_record
TN:
SF:src\components\ConditionRender\ConditionRender.tsx
FN:13,(anonymous_0)
FNF:1
FNH:1
FNDA:11,(anonymous_0)
DA:13,1
DA:14,11
DA:16,1
DA:17,1
DA:18,0
DA:20,1
DA:22,1
DA:24,1
DA:26,1
DA:28,1
DA:30,0
DA:32,6
LF:12
LH:10
BRDA:14,0,0,1
BRDA:14,0,1,1
BRDA:14,0,2,1
BRDA:14,0,3,1
BRDA:14,0,4,1
BRDA:14,0,5,0
BRDA:14,0,6,6
BRDA:17,1,0,0
BRDA:17,1,1,1
BRDA:17,2,0,1
BRDA:17,2,1,0
BRF:11
BRH:8
end_of_record
TN:
SF:src\components\ConditionRender\index.tsx
FNF:0
FNH:0
LF:0
LH:0
BRF:0
BRH:0
end_of_record
TN:
SF:src\components\DefultPage\DefultPage.tsx
FN:11,(anonymous_0)
FNF:1
FNH:1
FNDA:9,(anonymous_0)
DA:9,2
DA:11,2
DA:12,9
LF:3
LH:3
BRF:0
BRH:0
end_of_record
TN:
SF:src\components\DefultPage\index.tsx
FNF:0
FNH:0
LF:0
LH:0
BRF:0
BRH:0
end_of_record
TN:
SF:src\components\hr\hr.tsx
FN:3,(anonymous_0)
FNF:1
FNH:1
FNDA:29,(anonymous_0)
DA:3,3
DA:4,29
LF:2
LH:2
BRF:0
BRH:0
end_of_record
TN:
SF:src\components\hr\index.tsx
FNF:0
FNH:0
LF:0
LH:0
BRF:0
BRH:0
end_of_record
TN:
SF:src\components\htags\HRenderer.tsx
FN:9,HRenderer
FN:10,hn
FNF:2
FNH:2
FNDA:21,HRenderer
FNDA:21,hn
DA:11,21
DA:13,15
DA:15,1
DA:17,2
DA:19,1
DA:21,1
DA:23,1
DA:25,0
DA:28,21
LF:9
LH:8
BRDA:11,0,0,15
BRDA:11,0,1,1
BRDA:11,0,2,2
BRDA:11,0,3,1
BRDA:11,0,4,1
BRDA:11,0,5,1
BRDA:11,0,6,0
BRF:7
BRH:6
end_of_record
TN:
SF:src\components\htags\HSelect.tsx
FN:7,HSelect
FNF:1
FNH:1
FNDA:21,HSelect
DA:8,21
LF:1
LH:1
BRF:0
BRH:0
end_of_record
TN:
SF:src\components\htags\MainHSelector.tsx
FN:10,(anonymous_0)
FN:12,(anonymous_1)
FN:17,(anonymous_2)
FNF:3
FNH:3
FNDA:21,(anonymous_0)
FNDA:5,(anonymous_1)
FNDA:16,(anonymous_2)
DA:10,3
DA:11,21
DA:12,21
DA:15,5
DA:17,21
DA:18,16
DA:20,21
LF:7
LH:7
BRF:0
BRH:0
end_of_record
TN:
SF:src\components\htags\index.tsx
FNF:0
FNH:0
LF:0
LH:0
BRF:0
BRH:0
end_of_record
TN:
SF:src\components\image\image.tsx
FN:9,(anonymous_0)
FN:12,(anonymous_1)
FNF:2
FNH:2
FNDA:14,(anonymous_0)
FNDA:2,(anonymous_1)
DA:9,3
DA:10,14
DA:12,14
DA:13,2
DA:14,1
DA:16,1
DA:18,2
DA:21,14
LF:8
LH:8
BRDA:13,0,0,1
BRDA:13,0,1,1
BRF:2
BRH:2
end_of_record
TN:
SF:src\components\image\index.tsx
FNF:0
FNH:0
LF:0
LH:0
BRF:0
BRH:0
end_of_record
TN:
SF:src\components\paragraph\index.tsx
FNF:0
FNH:0
LF:0
LH:0
BRF:0
BRH:0
end_of_record
TN:
SF:src\components\paragraph\paragraph.tsx
FN:7,(anonymous_0)
FNF:1
FNH:1
FNDA:11,(anonymous_0)
DA:7,3
DA:8,11
LF:2
LH:2
BRF:0
BRH:0
end_of_record
TN:
SF:src\components\title\index.tsx
FNF:0
FNH:0
LF:0
LH:0
BRF:0
BRH:0
end_of_record
TN:
SF:src\components\title\title.tsx
FN:14,(anonymous_0)
FN:17,(anonymous_1)
FN:21,(anonymous_2)
FNF:3
FNH:3
FNDA:15,(anonymous_0)
FNDA:1,(anonymous_1)
FNDA:1,(anonymous_2)
DA:7,3
DA:14,3
DA:15,15
DA:16,15
DA:17,15
DA:18,1
DA:21,15
DA:22,1
DA:23,0
DA:25,1
DA:27,1
DA:29,15
LF:12
LH:11
BRDA:22,0,0,0
BRDA:22,0,1,1
BRDA:39,1,0,15
BRDA:39,1,1,1
BRF:4
BRH:3
end_of_record
